app/build/intermediates/manifest_merge_blame_file/debug/manifest-merger-blame-debug-report.txt
1<?xml version="1.0" encoding="utf-8"?>
2<manifest xmlns:android="http://schemas.android.com/apk/res/android"
3    package="com.example.shear_app"
4    android:versionCode="1"
5    android:versionName="1.0" >
6
7    <uses-sdk
8        android:minSdkVersion="14"
8-->src\main\AndroidManifest.xml
9        android:targetSdkVersion="29" />
9-->src\main\AndroidManifest.xml
10
11    <uses-permission android:name="android.permission.BLUETOOTH" />
11-->src\main\AndroidManifest.xml:5:5-68
11-->src\main\AndroidManifest.xml:5:22-65
12    <uses-permission android:name="android.permission.BLUETOOTH_ADMIN" />
12-->src\main\AndroidManifest.xml:6:5-73
12-->src\main\AndroidManifest.xml:6:22-71
13    <uses-permission android:name="android.permission.ACCESS_FINE_LOCATION" />
13-->src\main\AndroidManifest.xml:7:5-78
13-->src\main\AndroidManifest.xml:7:22-76
14    <uses-permission android:name="android.permission.WRITE_EXTERNAL_STORAGE" />
14-->src\main\AndroidManifest.xml:8:5-81
14-->src\main\AndroidManifest.xml:8:22-78
15    <uses-permission android:name="android.permission.WRITE_INTERNAL_STORAGE" />
15-->src\main\AndroidManifest.xml:9:5-81
15-->src\main\AndroidManifest.xml:9:22-78
16    <uses-permission android:name="android.permission.VIBRATE" />
16-->src\main\AndroidManifest.xml:10:5-65
16-->src\main\AndroidManifest.xml:10:22-63
17
18    <application
18-->src\main\AndroidManifest.xml:11:5-32:19
19        android:allowBackup="true"
19-->src\main\AndroidManifest.xml:12:9-35
20        android:appComponentFactory="androidx.core.app.CoreComponentFactory"
20-->[androidx.core:core:1.5.0-alpha03] AndroidManifest.xml:24:18-86
21        android:debuggable="true"
22        android:icon="@mipmap/famest_back"
22-->src\main\AndroidManifest.xml:13:9-43
23        android:label="@string/app_name"
23-->src\main\AndroidManifest.xml:14:9-41
24        android:requestLegacyExternalStorage="true"
24-->src\main\AndroidManifest.xml:17:9-52
25        android:roundIcon="@mipmap/ic_launcher_round"
25-->src\main\AndroidManifest.xml:15:9-54
26        android:supportsRtl="true"
26-->src\main\AndroidManifest.xml:16:9-35
27        android:testOnly="true"
28        android:theme="@style/AppTheme" >
28-->src\main\AndroidManifest.xml:18:9-40
29        <activity android:name="com.example.shear_app.MainActivity" >
29-->src\main\AndroidManifest.xml:19:9-25:20
29-->src\main\AndroidManifest.xml:19:19-47
30            <intent-filter>
30-->src\main\AndroidManifest.xml:20:13-24:29
31                <action android:name="android.intent.action.MAIN" />
31-->src\main\AndroidManifest.xml:21:17-69
31-->src\main\AndroidManifest.xml:21:25-66
32
33                <category android:name="android.intent.category.LAUNCHER" />
33-->src\main\AndroidManifest.xml:23:17-77
33-->src\main\AndroidManifest.xml:23:27-74
34            </intent-filter>
35        </activity>
36        <activity android:name="com.example.shear_app.ProfileActivity" />
36-->src\main\AndroidManifest.xml:26:9-53
36-->src\main\AndroidManifest.xml:26:19-50
37        <activity android:name="com.example.shear_app.SettingsActivity" />
37-->src\main\AndroidManifest.xml:27:9-54
37-->src\main\AndroidManifest.xml:27:19-51
38        <activity android:name="com.example.shear_app.ReaderActivity" />
38-->src\main\AndroidManifest.xml:28:9-52
38-->src\main\AndroidManifest.xml:28:19-49
39        <activity android:name="com.example.shear_app.PairedListActivity" />
39-->src\main\AndroidManifest.xml:29:9-56
39-->src\main\AndroidManifest.xml:29:19-53
40        <activity android:name="com.example.shear_app.DrawerActivity" />
40-->src\main\AndroidManifest.xml:30:9-52
40-->src\main\AndroidManifest.xml:30:19-49
41        <activity android:name="com.example.shear_app.CalibrationActivity" />
41-->src\main\AndroidManifest.xml:31:9-56
41-->src\main\AndroidManifest.xml:31:19-54
42    </application>
43
44</manifest>